commit 14d5f8c8f0c6b05790b4f169a7368587e6508e99
Author: Marián Rynik <marian.rynik@outlook.sk>
Date:   Mon Dec 7 12:28:43 2020 +0100

    write multi connection docs, add pickle and deepcopy cupport to simple connection

commit 076b5ed2c4fe5cb1bc1de347076f6f2a3ce5f4a9
Author: Marián Rynik <marian.rynik@outlook.sk>
Date:   Sat Dec 5 13:24:25 2020 +0100

    implemented property handling for MultiConnection

commit d55f964549afbcacac0705e8774420ca65a7006e
Author: Marián Rynik <marian.rynik@outlook.sk>
Date:   Sat Dec 5 12:17:08 2020 +0100

    update version

commit 94b4368376216175204b9b9f5484f92d0db1c215
Author: Marián Rynik <marian.rynik@outlook.sk>
Date:   Sat Dec 5 12:14:50 2020 +0100

    added multi connection object

commit 2e0611b707aa5cfd59b1e906fda0e3a35536d594
Author: Marián Rynik <marian.rynik@outlook.sk>
Date:   Sat Nov 7 17:24:01 2020 +0100

    fixed bug in initialization from string

commit d98b1bdefe08208051cd426c7fbcedba08c254ec
Author: Marián Rynik <marian.rynik@outlook.sk>
Date:   Tue Nov 3 15:01:35 2020 +0100

    update pypi downloads target link

commit 3b4a5ecad5f155712d8c246574d30f479dc06973
Author: Marián Rynik <marian.rynik@outlook.sk>
Date:   Mon Nov 2 11:34:44 2020 +0100

    fix pypi badge

commit 783ddcfb1cf424c3d2b1aa33d1b2292207fa73d6
Author: Marián Rynik <marian.rynik@outlook.sk>
Date:   Mon Nov 2 11:30:22 2020 +0100

    fix nullcontext missing on python 3.6

commit 4542aac48e8b1a278cfbf2e7a6e8140f1bf63c13
Author: Marián Rynik <marian.rynik@outlook.sk>
Date:   Mon Nov 2 11:17:01 2020 +0100

    update docs

commit 92dfc7d1b2a616832285fc180f2fcc41e2b275e4
Author: Marián Rynik <marian.rynik@outlook.sk>
Date:   Sun Nov 1 17:47:43 2020 +0100

    added thread safety and ability to add new hosts

commit f2ab9eaa0a9c839f242d3fcd2d89300f82758619
Author: Marián Rynik <marian.rynik@outlook.sk>
Date:   Sat Oct 31 16:01:53 2020 +0100

    typing and docs updates

commit d96df867bdb94fca7d9ad50b6fa9a974d48e84fb
Author: Marián Rynik <marian.rynik@outlook.sk>
Date:   Fri Oct 30 18:29:34 2020 +0100

    fix tests

commit aa1117d3edb034f4d862cf7820e27549ad259a62
Author: Marián Rynik <marian.rynik@outlook.sk>
Date:   Fri Oct 30 18:21:48 2020 +0100

    introduced new wrapper, updated docs, finished rewrite

commit 3252cd92f3e4b7a91151b0bfd91fe05a8f337c6c
Author: Marián Rynik <marian.rynik@outlook.sk>
Date:   Fri Oct 30 13:46:53 2020 +0100

    completely redesigned API which looses backwards compatibility

commit 195c83735d6b5e69b92a62340ac4474b4abb1660
Author: Marián Rynik <marian.rynik@outlook.sk>
Date:   Fri Oct 30 11:17:48 2020 +0100

    complete package reorganize, split calsses to multiple files, added makedirs method

commit 0460d55de9eee8773234e8e04bf3374ef5e2d37b
Author: Marián Rynik <marian.rynik@outlook.sk>
Date:   Thu Oct 29 15:18:55 2020 +0100

    multiple changes, added stat and lstat functions simillar to os.stat and os.lstat, implemented SSHPath.lstat, split SSHConnection tu multiple submodules for easier maintance

commit e6481ac386a411528588343501b320bb3fcb4ea7
Author: Marián Rynik <marian.rynik@outlook.sk>
Date:   Thu Oct 22 14:56:02 2020 +0200

    changed SSHPath stat from property to method to be in line with pathlib

commit 52d00b697d9615f3a82c11f7e39fba687d91f7e7
Merge: f4b4235 e1f3b63
Author: Marián Rynik <marian.rynik@outlook.sk>
Date:   Sat Oct 17 17:43:13 2020 +0200

    Merge branch 'master' of github.com:marian-code/ssh-utilities

commit f4b4235c68d4e0c862bc4e03d46a1a4e1fdbab52
Author: Marián Rynik <marian.rynik@outlook.sk>
Date:   Sat Oct 17 17:40:35 2020 +0200

    new behaviour - connection now iterates over symlinks to dirs too and isdir methos atomatically resolves symlinks

commit b4357a5867157609227d0714a418a05e1a79a82a
Author: Marián Rynik <marian.rynik@outlook.sk>
Date:   Sat Oct 17 17:39:06 2020 +0200

    fixed bug - pathlib @propertie were not decorated and some were working incorrectly

commit e1f3b631e418fad001d88b84027e8da6d089b0d6
Author: marian-code <marian.rynik@outlook.sk>
Date:   Tue Sep 29 21:47:46 2020 +0200

    Delete pypi_submit.sh

commit 96d889185b6c45940b5deff0b77bf89241ad0098
Author: Marián <marian.rynik@outlook.sk>
Date:   Mon Sep 28 15:43:41 2020 +0200

    fix requirements.txt not pressent in newest ver

commit f7268a0a40e84d956a03f41f70acc41ebb73c322
Author: Marián <marian.rynik@outlook.sk>
Date:   Wed Sep 16 22:20:30 2020 +0200

    edbug travis deploy

commit ea3e6d2b11b5318bc3ca0b20cd63cc307550e43a
Author: Marián <marian.rynik@outlook.sk>
Date:   Wed Sep 16 22:08:40 2020 +0200

    debug travis pypi deploy

commit ee4291b4b48aa1df3092090542f4f06322122785
Author: Marián <marian.rynik@outlook.sk>
Date:   Wed Sep 16 23:48:46 2020 +0200

    small api changes to initialization, added travis deploy to pypi, small bugfixes, fixed docs

commit aa1f8a0d2df3862600ef3eee5f6f9d169db01b91
Author: Marián Rynik <marian.rynik@outlook.sk>
Date:   Wed Sep 9 15:31:24 2020 +0200

    fix bug in Path and, and set dirs not to be removed after download/upload by default

commit 72613087f454044d769aa4d8c70fd25f13e649d7
Author: Marián Rynik <marian.rynik@outlook.sk>
Date:   Wed Aug 26 14:24:51 2020 +0200

    update readme badges

commit 9eb1953f699199d928da75384d6b907c1c89475b
Merge: 1992357 d2d66b6
Author: Marián Rynik <marian.rynik@outlook.sk>
Date:   Mon Aug 10 15:28:28 2020 +0200

    Merge branch 'master' of github.com:marian-code/ssh-utilities

commit 1992357c595fdd2a7830ba8986c57cd85ef86002
Author: Marián Rynik <marian.rynik@outlook.sk>
Date:   Mon Aug 10 15:12:14 2020 +0200

    run method rewrite

commit d2d66b6bae3292790f7a91d47c4b6a07f1f05414
Author: Marián <marian.rynik@outlook.sk>
Date:   Tue Aug 4 13:59:10 2020 +0200

    bump version

commit 21601ad53d4c1735fa40bb7b4d52ca92e73a1226
Author: Marián <marian.rynik@outlook.sk>
Date:   Tue Aug 4 13:54:01 2020 +0200

    small tweaks to README

commit e530d28200f9ca3aae2a9c30a27bf369b35595f3
Author: Marián <marian.rynik@outlook.sk>
Date:   Tue Aug 4 13:29:11 2020 +0200

    debug travis build

commit 6fabe9345e2738497042f02eb5af75dc33f5b3eb
Author: Marián <marian.rynik@outlook.sk>
Date:   Tue Aug 4 13:23:53 2020 +0200

    debug travis build

commit 84d5826c1e4c90dbb99367c3212646b0714e4101
Author: Marián <marian.rynik@outlook.sk>
Date:   Tue Aug 4 13:17:18 2020 +0200

    debug travis CI

commit 019d1734b3d339ea9ce33fff609657c6d661f893
Author: Marián <marian.rynik@outlook.sk>
Date:   Tue Aug 4 13:14:43 2020 +0200

    debug travis CI

commit 79f38fe747f449dbc5db27443097296547b343ef
Author: Marián <marian.rynik@outlook.sk>
Date:   Tue Aug 4 13:03:39 2020 +0200

    debug travis CI

commit 028df89104a01b78686e2df83263c3850d9712cc
Author: Marián <marian.rynik@outlook.sk>
Date:   Tue Aug 4 12:37:07 2020 +0200

    debug travis CI

commit f398a4e4fe7248af9d3991a5a3ba5a7603d19878
Author: Marián <marian.rynik@outlook.sk>
Date:   Tue Aug 4 12:30:16 2020 +0200

    debug travis build

commit 94c3c9e12fafde99f1dc2f64875a1369f3fc0d71
Author: Marián <marian.rynik@outlook.sk>
Date:   Tue Aug 4 12:22:07 2020 +0200

    fix travis config file name

commit 5b298b878fdc0fccda0de458eebb9908852697c9
Author: Marián <marian.rynik@outlook.sk>
Date:   Tue Aug 4 12:08:59 2020 +0200

    first test of travis CI

commit af6197f15ec9aa3c740e51b34a089deb14c2e8b6
Author: Marián <marian.rynik@outlook.sk>
Date:   Mon Aug 3 16:52:14 2020 +0200

    fix docs build

commit 4cb6e68e84968d93bde35fb418b385da14e8f184
Author: Marián <marian.rynik@outlook.sk>
Date:   Mon Aug 3 16:45:40 2020 +0200

    fix docs build missing requirements

commit bddd36fd22a64009577766bea6a65c7c4912e2ac
Author: Marián <marian.rynik@outlook.sk>
Date:   Mon Aug 3 16:36:49 2020 +0200

    fix docs build, missing typing_extensions

commit 60189827f24da383df9b3224f26a81bf1da38aa8
Author: Marián <marian.rynik@outlook.sk>
Date:   Mon Aug 3 16:27:11 2020 +0200

    major docs update

commit b680182f881d13347f65786125efeba720ef290a
Author: Marián <marian.rynik@outlook.sk>
Date:   Mon Aug 3 14:49:48 2020 +0200

    pypi upload and bugfixes

commit 642269031c311e0cfd26cdd162ae1f8a3d346f9e
Author: Marián <marian.rynik@outlook.sk>
Date:   Mon Aug 3 13:12:43 2020 +0200

    bugfixes and enhancements, added first test

commit ab98c60e513a0e0368c239e49685f1a85826f8cd
Author: Marián <marian.rynik@outlook.sk>
Date:   Sun Aug 2 21:40:26 2020 +0200

    minorchanges to typing and bugfixes

commit 6ec3b75044d7d039398f525cb50993b5c6127bd1
Author: Marián <marian.rynik@outlook.sk>
Date:   Sun Aug 2 13:42:59 2020 +0200

    Update docs, readme, add license

commit a82cc3bc1b978822f61cee74837c398e958c6b14
Author: Marián <marian.rynik@outlook.sk>
Date:   Sat Aug 1 21:23:59 2020 +0200

    added docs to readme

commit 26f32e59f3f68c7ddb0ecb4a8676a240bb596efc
Author: Marián <marian.rynik@outlook.sk>
Date:   Sat Aug 1 21:16:16 2020 +0200

    added docs

commit ec1843077ab514f27d841a8d53ffaaad71853461
Author: Marián <marian.rynik@outlook.sk>
Date:   Sat Aug 1 20:27:23 2020 +0200

    remove egg form repo

commit 66b8efe2b53f809af6a49619b2f1c0fabcee94ea
Author: Marián <marian.rynik@outlook.sk>
Date:   Sat Aug 1 20:24:10 2020 +0200

    docstrings and minor bugfixes

commit 300eeee94b651ef1cc46af03cf4e1c80736679c9
Author: Marián <marian.rynik@outlook.sk>
Date:   Sat Aug 1 12:44:48 2020 +0200

    updates for transfer to github and setup changes

commit 09eead18af19b47c604a84852559febd42df593d
Author: Marián Rynik <marian.rynik@outlook.sk>
Date:   Wed Jul 22 15:54:00 2020 +0200

    further clanup

commit ca81b85091d65156e4dd4906eab1439c2eda4a4c
Author: Marián Rynik <marian.rynik@outlook.sk>
Date:   Wed Jul 22 15:51:37 2020 +0200

    cleanup repo

commit 8700b311619c2eee3fe39c4b52251ea621d002a2
Author: Marián Rynik <marian.rynik@outlook.sk>
Date:   Wed Jul 15 10:45:50 2020 +0200

    fixes and enhancements

commit 87d8315c5ab5d57278100b4fb321667cb299ba42
Author: Marián Rynik <marian.rynik@outlook.sk>
Date:   Thu Jun 25 19:53:08 2020 +0200

    Multiple changes and enhancements

commit 210a4e9d429c6911d2723e2e21427e8acdc0f99d
Author: Marián Rynik <marian.rynik@outlook.sk>
Date:   Tue May 5 19:09:55 2020 +0200

    Multiple changes, added path-like remote object, unified local and remote API

commit c027f8e6f13af9e7253ddb32bce22798d6420e47
Author: Marián Rynik <marian.rynik@outlook.sk>
Date:   Tue Apr 21 12:17:37 2020 +0200

    minor changes to repo config

commit 5b6bec8403a6170d0430c9b4f74bb7cdc0b3c2ed
Author: Marián Rynik <marian.rynik@outlook.sk>
Date:   Tue Apr 21 12:07:23 2020 +0200

    Initial commit
